<?xml version="1.0" encoding="UTF-8"?>
<!-- Generated by org.testng.reporters.JUnitReportReporter -->
<testsuite hostname="LAPTOP-GM6POR0P" failures="0" tests="1" name="Main" time="0.509" errors="0" timestamp="2024-06-02T09:03:47 CST" skipped="0">
  <testcase classname="Main" name="Testing" time="0.509"/>
  <system-out/>
</testsuite> <!-- Main -->
