<?xml version="1.0" encoding="UTF-8"?>
<!-- Generated by org.testng.reporters.JUnitReportReporter -->
<testsuite hostname="LAPTOP-GM6POR0P" failures="0" tests="1" name="Main" time="0.058" errors="0" timestamp="2024-07-06T18:37:08 CST" skipped="0">
  <testcase classname="Main" name="Testing" time="0.058"/>
  <system-out/>
</testsuite> <!-- Main -->
